<?xml version="1.0" encoding="UTF-8"?>
<!-- Generated by org.testng.reporters.JUnitXMLReporter -->
<testsuite hostname="Xiho-Icy" name="Default test" tests="3" failures="0" timestamp="14 Dec 2017 11:23:55 GMT" time="78.263" errors="0">
  <testcase name="loginFail1" time="8.589" classname="com.PageTest.forword.ForLoginPageTest"/>
  <testcase name="loginFail2" time="6.569" classname="com.PageTest.forword.ForLoginPageTest"/>
  <testcase name="loginSuccess" time="11.086" classname="com.PageTest.forword.ForLoginPageTest"/>
</testsuite> <!-- Default test -->
