<?xml version="1.0" encoding="UTF-8"?>
<testng-results skipped="0" failed="0" total="1" passed="1">
  <reporter-output>
  </reporter-output>
  <suite name="Suite" duration-ms="30504" started-at="2017-12-14T12:29:19Z" finished-at="2017-12-14T12:29:50Z">
    <groups>
    </groups>
    <test name="Test" duration-ms="30504" started-at="2017-12-14T12:29:19Z" finished-at="2017-12-14T12:29:50Z">
      <class name="com.webtest.SendMail.Sendmail">
        <test-method status="PASS" signature="send()[pri:0, instance:com.webtest.SendMail.Sendmail@71e7a66b]" name="send" duration-ms="30347" started-at="2017-12-14T20:29:19Z" finished-at="2017-12-14T20:29:50Z">
          <reporter-output>
          </reporter-output>
        </test-method> <!-- send -->
      </class> <!-- com.webtest.SendMail.Sendmail -->
    </test> <!-- Test -->
  </suite> <!-- Suite -->
</testng-results>
