<?xml version="1.0" encoding="UTF-8"?>
<!-- Generated by org.testng.reporters.JUnitXMLReporter -->
<testsuite hostname="Xiho-Icy" name="Back" tests="41" failures="0" timestamp="14 Dec 2017 12:19:26 GMT" time="957.038" errors="0">
  <testcase name="loginFail" time="18.49" classname="com.PageTest.back.BackLoginFailTest"/>
  <testcase name="loginSuccess" time="21.443" classname="com.PageTest.back.BackLoginSuccessTest"/>
  <testcase name="EDelete" time="12.767" classname="com.PageTest.back.EmployeeCheckTest"/>
  <testcase name="Login" time="24.595" classname="com.PageTest.back.EmployeeCheckTest"/>
  <testcase name="Login" time="23.946" classname="com.PageTest.back.EmployeeDeleteTest"/>
  <testcase name="EDelete" time="23.744" classname="com.PageTest.back.EmployeeDeleteTest"/>
  <testcase name="Edit" time="6.157" classname="com.PageTest.back.EmployeeEditTest"/>
  <testcase name="Login" time="23.996" classname="com.PageTest.back.EmployeeEditTest"/>
  <testcase name="Login" time="24.057" classname="com.PageTest.back.EmployeeReviseTest"/>
  <testcase name="Echange" time="24.145" classname="com.PageTest.back.EmployeeReviseTest"/>
  <testcase name="Login" time="24.435" classname="com.PageTest.back.LinkChangeTest"/>
  <testcase name="Linkchange" time="24.371" classname="com.PageTest.back.LinkChangeTest"/>
  <testcase name="Login" time="24.525" classname="com.PageTest.back.LinkClickTest"/>
  <testcase name="Linkclick" time="7.257" classname="com.PageTest.back.LinkClickTest"/>
  <testcase name="Login" time="24.427" classname="com.PageTest.back.MemberReviseTest"/>
  <testcase name="Revise" time="28.464" classname="com.PageTest.back.MemberReviseTest"/>
  <testcase name="Login" time="24.342" classname="com.PageTest.back.NewsNewsTest"/>
  <testcase name="News" time="20.743" classname="com.PageTest.back.NewsNewsTest"/>
  <testcase name="News1" time="7.529" classname="com.PageTest.back.NewsNewsTest"/>
  <testcase name="News2" time="7.105" classname="com.PageTest.back.NewsNewsTest"/>
  <testcase name="News3" time="6.609" classname="com.PageTest.back.NewsNewsTest"/>
  <testcase name="News4" time="6.728" classname="com.PageTest.back.NewsNewsTest"/>
  <testcase name="News5" time="6.619" classname="com.PageTest.back.NewsNewsTest"/>
  <testcase name="News5" time="6.696" classname="com.PageTest.back.NewsNewsTest"/>
  <testcase name="News6" time="6.689" classname="com.PageTest.back.NewsNewsTest"/>
  <testcase name="Login" time="24.615" classname="com.PageTest.back.NewsNoticesTest"/>
  <testcase name="Notice" time="16.311" classname="com.PageTest.back.NewsNoticesTest"/>
  <testcase name="Notice1" time="6.758" classname="com.PageTest.back.NewsNoticesTest"/>
  <testcase name="Notice2" time="6.718" classname="com.PageTest.back.NewsNoticesTest"/>
  <testcase name="Notice3" time="7.249" classname="com.PageTest.back.NewsNoticesTest"/>
  <testcase name="Notice4" time="6.888" classname="com.PageTest.back.NewsNoticesTest"/>
  <testcase name="Notice4" time="7.236" classname="com.PageTest.back.NewsNoticesTest"/>
  <testcase name="Notice5" time="7.077" classname="com.PageTest.back.NewsNoticesTest"/>
  <testcase name="Login" time="24.187" classname="com.PageTest.back.OrderDetailTest"/>
  <testcase name="TDetail" time="20.124" classname="com.PageTest.back.OrderDetailTest"/>
  <testcase name="Login" time="24.425" classname="com.PageTest.back.ShopImage"/>
  <testcase name="Image" time="25.985" classname="com.PageTest.back.ShopImage"/>
  <testcase name="Login" time="24.643" classname="com.PageTest.back.ShopImagechange"/>
  <testcase name="Image3" time="25.868" classname="com.PageTest.back.ShopImagechange"/>
  <testcase name="Login" time="24.315" classname="com.PageTest.back.ShopImagetitle"/>
  <testcase name="Image" time="25.694" classname="com.PageTest.back.ShopImagetitle"/>
</testsuite> <!-- Back -->
