<?xml version="1.0" encoding="UTF-8"?>
<!-- Generated by org.testng.reporters.JUnitXMLReporter -->
<testsuite hostname="Xiho-Icy" name="Forword" tests="44" failures="0" timestamp="14 Dec 2017 12:29:06 GMT" time="575.684" errors="0">
  <testcase name="Login" time="18.74" classname="com.PageTest.forword.BrandClickTest"/>
  <testcase name="Click" time="56.375" classname="com.PageTest.forword.BrandClickTest"/>
  <testcase name="Login" time="12.573" classname="com.PageTest.forword.ColorTest"/>
  <testcase name="underClick" time="9.201" classname="com.PageTest.forword.ColorTest"/>
  <testcase name="colorClick" time="8.697" classname="com.PageTest.forword.ColorTest"/>
  <testcase name="morecheckColor" time="13.667" classname="com.PageTest.forword.ColorTest"/>
  <testcase name="checkColor" time="4.235" classname="com.PageTest.forword.ColorTest"/>
  <testcase name="loginFail1" time="6.753" classname="com.PageTest.forword.ForLoginPageTest"/>
  <testcase name="loginFail2" time="6.548" classname="com.PageTest.forword.ForLoginPageTest"/>
  <testcase name="loginSuccess" time="8.396" classname="com.PageTest.forword.ForLoginPageTest"/>
  <testcase name="Login" time="11.955" classname="com.PageTest.forword.MoreColorTest"/>
  <testcase name="underClick" time="22.585" classname="com.PageTest.forword.MoreColorTest"/>
  <testcase name="retractColor" time="13.361" classname="com.PageTest.forword.MoreColorTest"/>
  <testcase name="Login" time="12.065" classname="com.PageTest.forword.NpttTest"/>
  <testcase name="underClick" time="9.017" classname="com.PageTest.forword.NpttTest"/>
  <testcase name="proceedsClick" time="9.391" classname="com.PageTest.forword.NpttTest"/>
  <testcase name="priceClick" time="8.909" classname="com.PageTest.forword.NpttTest"/>
  <testcase name="talkClick" time="8.95" classname="com.PageTest.forword.NpttTest"/>
  <testcase name="timeClick" time="8.798" classname="com.PageTest.forword.NpttTest"/>
  <testcase name="Login" time="11.706" classname="com.PageTest.forword.PriceTest"/>
  <testcase name="underClick" time="8.756" classname="com.PageTest.forword.PriceTest"/>
  <testcase name="priceClick" time="9.082" classname="com.PageTest.forword.PriceTest"/>
  <testcase name="BL" time="9.689" classname="com.PageTest.forword.PriceTest"/>
  <testcase name="BZ" time="8.679" classname="com.PageTest.forword.PriceTest"/>
  <testcase name="LB" time="8.73" classname="com.PageTest.forword.PriceTest"/>
  <testcase name="ZB" time="8.629" classname="com.PageTest.forword.PriceTest"/>
  <testcase name="Login" time="11.388" classname="com.PageTest.forword.PromotionTest"/>
  <testcase name="underClick" time="9.697" classname="com.PageTest.forword.PromotionTest"/>
  <testcase name="saleClick" time="8.338" classname="com.PageTest.forword.PromotionTest"/>
  <testcase name="Login" time="11.717" classname="com.PageTest.forword.RecommendTest"/>
  <testcase name="underClick" time="8.965" classname="com.PageTest.forword.RecommendTest"/>
  <testcase name="addNum" time="0.05" classname="com.PageTest.forword.RecommendTest"/>
  <testcase name="addtoCart" time="0.03" classname="com.PageTest.forword.RecommendTest"/>
  <testcase name="goodClick" time="8.24" classname="com.PageTest.forword.RecommendTest"/>
  <testcase name="priceReduction" time="0.02" classname="com.PageTest.forword.RecommendTest"/>
  <testcase name="selectAdd" time="0.08" classname="com.PageTest.forword.RecommendTest"/>
  <testcase name="selectColor" time="0.065" classname="com.PageTest.forword.RecommendTest"/>
  <testcase name="selectSize" time="0.035" classname="com.PageTest.forword.RecommendTest"/>
  <testcase name="Login" time="11.756" classname="com.PageTest.forword.SizeTest"/>
  <testcase name="underClick" time="9.095" classname="com.PageTest.forword.SizeTest"/>
  <testcase name="sizeClick" time="4.353" classname="com.PageTest.forword.SizeTest"/>
  <testcase name="Login" time="16.938" classname="com.PageTest.forword.SportRushTest"/>
  <testcase name="sportClick" time="8.941" classname="com.PageTest.forword.SportRushTest"/>
  <testcase name="Rush" time="6.251" classname="com.PageTest.forword.SportRushTest"/>
</testsuite> <!-- Forword -->
